# JRE version: OpenJDK Runtime Environment (8.0_242-b01) (build 1.8.0_242-release-1644-b01)
# Java VM: OpenJDK 64-Bit Server VM (25.242-b01 mixed mode windows-amd64 compressed oops)
Heap:
 PSYoungGen      total 637952K, used 129573K [0x00000000d5580000, 0x0000000100000000, 0x0000000100000000)
  eden space 577024K, 22% used [0x00000000d5580000,0x00000000dd409430,0x00000000f8900000)
  from space 60928K, 0% used [0x00000000f8900000,0x00000000f8900000,0x00000000fc480000)
  to   space 57856K, 0% used [0x00000000fc780000,0x00000000fc780000,0x0000000100000000)
 ParOldGen       total 203776K, used 109310K [0x0000000080000000, 0x000000008c700000, 0x00000000d5580000)
  object space 203776K, 53% used [0x0000000080000000,0x0000000086abf830,0x000000008c700000)
 Metaspace       used 120027K, capacity 128504K, committed 136012K, reserved 1167360K
  class space    used 15240K, capacity 16676K, committed 18048K, reserved 1048576K
GC Heap History (10 events):
Event: 19492.883 GC heap before
{Heap before GC invocations=46 (full 4):
 PSYoungGen      total 647680K, used 647530K [0x00000000d5580000, 0x0000000100000000, 0x0000000100000000)
  eden space 621056K, 100% used [0x00000000d5580000,0x00000000fb400000,0x00000000fb400000)
  from space 26624K, 99% used [0x00000000fb400000,0x00000000fcddaa50,0x00000000fce00000)
  to   space 39936K, 0% used [0x00000000fd900000,0x00000000fd900000,0x0000000100000000)
 ParOldGen       total 203776K, used 150628K [0x0000000080000000, 0x000000008c700000, 0x00000000d5580000)
  object space 203776K, 73% used [0x0000000080000000,0x0000000089319298,0x000000008c700000)
 Metaspace       used 125562K, capacity 135720K, committed 136012K, reserved 1167360K
  class space    used 16117K, capacity 17934K, committed 18048K, reserved 1048576K
Event: 19492.995 GC heap after
Heap after GC invocations=46 (full 4):
 PSYoungGen      total 641536K, used 39904K [0x00000000d5580000, 0x0000000100000000, 0x0000000100000000)
  eden space 601600K, 0% used [0x00000000d5580000,0x00000000d5580000,0x00000000fa100000)
  from space 39936K, 99% used [0x00000000fd900000,0x00000000ffff8270,0x0000000100000000)
  to   space 48640K, 0% used [0x00000000fa100000,0x00000000fa100000,0x00000000fd080000)
 ParOldGen       total 203776K, used 158680K [0x0000000080000000, 0x000000008c700000, 0x00000000d5580000)
  object space 203776K, 77% used [0x0000000080000000,0x0000000089af6288,0x000000008c700000)
 Metaspace       used 125562K, capacity 135720K, committed 136012K, reserved 1167360K
  class space    used 16117K, capacity 17934K, committed 18048K, reserved 1048576K
}
Event: 19494.892 GC heap before
{Heap before GC invocations=47 (full 4):
 PSYoungGen      total 641536K, used 641504K [0x00000000d5580000, 0x0000000100000000, 0x0000000100000000)
  eden space 601600K, 100% used [0x00000000d5580000,0x00000000fa100000,0x00000000fa100000)
  from space 39936K, 99% used [0x00000000fd900000,0x00000000ffff8270,0x0000000100000000)
  to   space 48640K, 0% used [0x00000000fa100000,0x00000000fa100000,0x00000000fd080000)
 ParOldGen       total 203776K, used 158680K [0x0000000080000000, 0x000000008c700000, 0x00000000d5580000)
  object space 203776K, 77% used [0x0000000080000000,0x0000000089af6288,0x000000008c700000)
 Metaspace       used 125588K, capacity 135784K, committed 136012K, reserved 1167360K
  class space    used 16117K, capacity 17934K, committed 18048K, reserved 1048576K
Event: 19495.110 GC heap after
Heap after GC invocations=47 (full 4):
 PSYoungGen      total 648704K, used 46789K [0x00000000d5580000, 0x0000000100000000, 0x0000000100000000)
  eden space 601600K, 0% used [0x00000000d5580000,0x00000000d5580000,0x00000000fa100000)
  from space 47104K, 99% used [0x00000000fa100000,0x00000000fceb17e0,0x00000000fcf00000)
  to   space 50176K, 0% used [0x00000000fcf00000,0x00000000fcf00000,0x0000000100000000)
 ParOldGen       total 203776K, used 161260K [0x0000000080000000, 0x000000008c700000, 0x00000000d5580000)
  object space 203776K, 79% used [0x0000000080000000,0x0000000089d7b0c0,0x000000008c700000)
 Metaspace       used 125588K, capacity 135784K, committed 136012K, reserved 1167360K
  class space    used 16117K, capacity 17934K, committed 18048K, reserved 1048576K
}
Event: 19498.620 GC heap before
{Heap before GC invocations=48 (full 4):
 PSYoungGen      total 648704K, used 648389K [0x00000000d5580000, 0x0000000100000000, 0x0000000100000000)
  eden space 601600K, 100% used [0x00000000d5580000,0x00000000fa100000,0x00000000fa100000)
  from space 47104K, 99% used [0x00000000fa100000,0x00000000fceb17e0,0x00000000fcf00000)
  to   space 50176K, 0% used [0x00000000fcf00000,0x00000000fcf00000,0x0000000100000000)
 ParOldGen       total 203776K, used 161260K [0x0000000080000000, 0x000000008c700000, 0x00000000d5580000)
  object space 203776K, 79% used [0x0000000080000000,0x0000000089d7b0c0,0x000000008c700000)
 Metaspace       used 125603K, capacity 135784K, committed 136012K, reserved 1167360K
  class space    used 16117K, capacity 17934K, committed 18048K, reserved 1048576K
Event: 19498.790 GC heap after
Heap after GC invocations=48 (full 4):
 PSYoungGen      total 627200K, used 46672K [0x00000000d5580000, 0x0000000100000000, 0x0000000100000000)
  eden space 577024K, 0% used [0x00000000d5580000,0x00000000d5580000,0x00000000f8900000)
  from space 50176K, 93% used [0x00000000fcf00000,0x00000000ffc94298,0x0000000100000000)
  to   space 60928K, 0% used [0x00000000f8900000,0x00000000f8900000,0x00000000fc480000)
 ParOldGen       total 203776K, used 164852K [0x0000000080000000, 0x000000008c700000, 0x00000000d5580000)
  object space 203776K, 80% used [0x0000000080000000,0x000000008a0fd340,0x000000008c700000)
 Metaspace       used 125603K, capacity 135784K, committed 136012K, reserved 1167360K
  class space    used 16117K, capacity 17934K, committed 18048K, reserved 1048576K
}
Event: 19500.013 GC heap before
{Heap before GC invocations=49 (full 4):
 PSYoungGen      total 627200K, used 623696K [0x00000000d5580000, 0x0000000100000000, 0x0000000100000000)
  eden space 577024K, 100% used [0x00000000d5580000,0x00000000f8900000,0x00000000f8900000)
  from space 50176K, 93% used [0x00000000fcf00000,0x00000000ffc94298,0x0000000100000000)
  to   space 60928K, 0% used [0x00000000f8900000,0x00000000f8900000,0x00000000fc480000)
 ParOldGen       total 203776K, used 164852K [0x0000000080000000, 0x000000008c700000, 0x00000000d5580000)
  object space 203776K, 80% used [0x0000000080000000,0x000000008a0fd340,0x000000008c700000)
 Metaspace       used 125608K, capacity 135784K, committed 136012K, reserved 1167360K
  class space    used 16117K, capacity 17934K, committed 18048K, reserved 1048576K
Event: 19500.810 GC heap after
Heap after GC invocations=49 (full 4):
 PSYoungGen      total 637952K, used 23302K [0x00000000d5580000, 0x0000000100000000, 0x0000000100000000)
  eden space 577024K, 0% used [0x00000000d5580000,0x00000000d5580000,0x00000000f8900000)
  from space 60928K, 38% used [0x00000000f8900000,0x00000000f9fc1810,0x00000000fc480000)
  to   space 57856K, 0% used [0x00000000fc780000,0x00000000fc780000,0x0000000100000000)
 ParOldGen       total 203776K, used 190553K [0x0000000080000000, 0x000000008c700000, 0x00000000d5580000)
  object space 203776K, 93% used [0x0000000080000000,0x000000008ba16600,0x000000008c700000)
 Metaspace       used 125608K, capacity 135784K, committed 136012K, reserved 1167360K
  class space    used 16117K, capacity 17934K, committed 18048K, reserved 1048576K
}
Event: 19500.833 GC heap before
{Heap before GC invocations=50 (full 5):
 PSYoungGen      total 637952K, used 23302K [0x00000000d5580000, 0x0000000100000000, 0x0000000100000000)
  eden space 577024K, 0% used [0x00000000d5580000,0x00000000d5580000,0x00000000f8900000)
  from space 60928K, 38% used [0x00000000f8900000,0x00000000f9fc1810,0x00000000fc480000)
  to   space 57856K, 0% used [0x00000000fc780000,0x00000000fc780000,0x0000000100000000)
 ParOldGen       total 203776K, used 190553K [0x0000000080000000, 0x000000008c700000, 0x00000000d5580000)
  object space 203776K, 93% used [0x0000000080000000,0x000000008ba16600,0x000000008c700000)
 Metaspace       used 125608K, capacity 135784K, committed 136012K, reserved 1167360K
  class space    used 16117K, capacity 17934K, committed 18048K, reserved 1048576K
Event: 19506.067 GC heap after
Heap after GC invocations=50 (full 5):
 PSYoungGen      total 637952K, used 0K [0x00000000d5580000, 0x0000000100000000, 0x0000000100000000)
  eden space 577024K, 0% used [0x00000000d5580000,0x00000000d5580000,0x00000000f8900000)
  from space 60928K, 0% used [0x00000000f8900000,0x00000000f8900000,0x00000000fc480000)
  to   space 57856K, 0% used [0x00000000fc780000,0x00000000fc780000,0x0000000100000000)
 ParOldGen       total 203776K, used 109310K [0x0000000080000000, 0x000000008c700000, 0x00000000d5580000)
  object space 203776K, 53% used [0x0000000080000000,0x0000000086abf830,0x000000008c700000)
 Metaspace       used 120027K, capacity 128504K, committed 136012K, reserved 1167360K
  class space    used 15240K, capacity 16676K, committed 18048K, reserved 1048576K
}

